<?xml version="1.0" encoding="UTF-8" ?>
<testsuite tests="5" failures="0" name="testApi.ReqresTest" time="4.496" errors="0" skipped="0">
  <properties>
[...]
</properties>
  <testcase classname="testApi.ReqresTest" name="TestPositiveCheckchangePercentToPlus" time="2.922"/>
  <testcase classname="testApi.ReqresTest" name="TestPositiveCheck" time="0.411"/>
  <testcase classname="testApi.ReqresTest" name="TestNegativeCheckEmptyLine" time="0.378"/>
  <testcase classname="testApi.ReqresTest" name="TestNegativeChecknoTopLevelDomain" time="0.418"/>
  <testcase classname="testApi.ReqresTest" name="TestNegativeCheckSendLinkWithoutProtocol" time="0.367"/>
</testsuite>